<html>
<head>
<title>TestNG:  Test</title>
<link href="../testng.css" rel="stylesheet" type="text/css" />
<link href="../my-testng.css" rel="stylesheet" type="text/css" />

<style type="text/css">
.log { display: none;} 
.stack-trace { display: none;} 
</style>
<script type="text/javascript">
<!--
function flip(e) {
  current = e.style.display;
  if (current == 'block') {
    e.style.display = 'none';
    return 0;
  }
  else {
    e.style.display = 'block';
    return 1;
  }
}

function toggleBox(szDivId, elem, msg1, msg2)
{
  var res = -1;  if (document.getElementById) {
    res = flip(document.getElementById(szDivId));
  }
  else if (document.all) {
    // this is the way old msie versions work
    res = flip(document.all[szDivId]);
  }
  if(elem) {
    if(res == 0) elem.innerHTML = msg1; else elem.innerHTML = msg2;
  }

}

function toggleAllBoxes() {
  if (document.getElementsByTagName) {
    d = document.getElementsByTagName('div');
    for (i = 0; i < d.length; i++) {
      if (d[i].className == 'log') {
        flip(d[i]);
      }
    }
  }
}

// -->
</script>

</head>
<body>
<h2 align='center'>Test</h2><table border='1' align="center">
<tr>
<td>Tests passed/Failed/Skipped:</td><td>1/11/0</td>
</tr><tr>
<td>Started on:</td><td>Fri Aug 03 12:48:01 MSK 2012</td>
</tr>
<tr><td>Total time:</td><td>3637 seconds (3637718 ms)</td>
</tr><tr>
<td>Included groups:</td><td></td>
</tr><tr>
<td>Excluded groups:</td><td></td>
</tr>
</table><p/>
<small><i>(Hover the method name to see the test class name)</i></small><p/>
<table width='100%' border='1' class='invocation-failed'>
<tr><td colspan='4' align='center'><b>FAILED CONFIGURATIONS</b></td></tr>
<tr><td><b>Test method</b></td>
<td width="30%"><b>Exception</b></td>
<td width="10%"><b>Time (seconds)</b></td>
<td><b>Instance</b></td>
</tr>
<tr>
<td title='com.example.tests.Step1.tearDown()'><b>tearDown</b><br>Test class: com.example.tests.Step1</td>
<td><div><pre>com.thoughtworks.selenium.SeleniumException: ERROR Server Exception: unexpected command json={command:&quot;open&quot;,target:&quot;http://umagicpro-pp/&quot;,value:&quot;&quot;} in place before new command close could be added
	at com.thoughtworks.selenium.HttpCommandProcessor.throwAssertionFailureExceptionOrError(HttpCommandProcessor.java:112)
	at com.thoughtworks.selenium.HttpCommandProcessor.doCommand(HttpCommandProcessor.java:106)
	at com.unitedinternet.portal.selenium.utils.logging.LoggingCommandProcessor.doCommand(LoggingCommandProcessor.java:141)
	at com.thoughtworks.selenium.DefaultSelenium.close(DefaultSelenium.java:427)
	at com.example.tests.SeleniumHelper.dismissSelenium(SeleniumHelper.java:77)
	at com.example.tests.TestBase.tearDown(TestBase.java:26)
	at java.util.concurrent.ThreadPoolExecutor$Worker.runTask(ThreadPoolExecutor.java:886)
	at java.util.concurrent.ThreadPoolExecutor$Worker.run(ThreadPoolExecutor.java:908)
	at java.lang.Thread.run(Thread.java:680)
... Removed 10 stack frames</pre></div><a href='#' onClick='toggleBox("stack-trace678984726", this, "Click to show all stack frames", "Click to hide stack frames")'>Click to show all stack frames</a>
<div class='stack-trace' id='stack-trace678984726'><pre>com.thoughtworks.selenium.SeleniumException: ERROR Server Exception: unexpected command json={command:&quot;open&quot;,target:&quot;http://umagicpro-pp/&quot;,value:&quot;&quot;} in place before new command close could be added
	at com.thoughtworks.selenium.HttpCommandProcessor.throwAssertionFailureExceptionOrError(HttpCommandProcessor.java:112)
	at com.thoughtworks.selenium.HttpCommandProcessor.doCommand(HttpCommandProcessor.java:106)
	at com.unitedinternet.portal.selenium.utils.logging.LoggingCommandProcessor.doCommand(LoggingCommandProcessor.java:141)
	at com.thoughtworks.selenium.DefaultSelenium.close(DefaultSelenium.java:427)
	at com.example.tests.SeleniumHelper.dismissSelenium(SeleniumHelper.java:77)
	at com.example.tests.TestBase.tearDown(TestBase.java:26)
	at sun.reflect.NativeMethodAccessorImpl.invoke0(Native Method)
	at sun.reflect.NativeMethodAccessorImpl.invoke(NativeMethodAccessorImpl.java:39)
	at sun.reflect.DelegatingMethodAccessorImpl.invoke(DelegatingMethodAccessorImpl.java:25)
	at java.lang.reflect.Method.invoke(Method.java:597)
	at org.testng.internal.MethodInvocationHelper.invokeMethod(MethodInvocationHelper.java:80)
	at org.testng.internal.Invoker.invokeConfigurationMethod(Invoker.java:564)
	at org.testng.internal.Invoker.invokeConfigurations(Invoker.java:213)
	at org.testng.internal.Invoker.invokeConfigurations(Invoker.java:138)
	at org.testng.internal.TestMethodWorker.invokeAfterClassMethods(TestMethodWorker.java:225)
	at org.testng.internal.TestMethodWorker.run(TestMethodWorker.java:114)
	at java.util.concurrent.ThreadPoolExecutor$Worker.runTask(ThreadPoolExecutor.java:886)
	at java.util.concurrent.ThreadPoolExecutor$Worker.run(ThreadPoolExecutor.java:908)
	at java.lang.Thread.run(Thread.java:680)
</pre></div></td>
<td>0</td>
<td>com.example.tests.Step1@44d3db51</td></tr>
</table><p>
<table width='100%' border='1' class='invocation-failed'>
<tr><td colspan='4' align='center'><b>FAILED TESTS</b></td></tr>
<tr><td><b>Test method</b></td>
<td width="30%"><b>Exception</b></td>
<td width="10%"><b>Time (seconds)</b></td>
<td><b>Instance</b></td>
</tr>
<tr>
<td title='com.example.tests.Step1.testStep1()'><b>testStep1</b><br>Test class: com.example.tests.Step1<br>Parameters: //div[@id='edit-city-wrapper']/span/ul/li[2], ?????-?????????, +7 (812), xpath=(//span[@name='abc-numbers'])[2]</td>
<td><div><pre>com.thoughtworks.selenium.SeleniumException: ERROR: Element css=div.content_body_header not found
	at com.thoughtworks.selenium.HttpCommandProcessor.throwAssertionFailureExceptionOrError(HttpCommandProcessor.java:112)
	at com.thoughtworks.selenium.HttpCommandProcessor.doCommand(HttpCommandProcessor.java:106)
	at com.thoughtworks.selenium.HttpCommandProcessor.getString(HttpCommandProcessor.java:275)
	at com.unitedinternet.portal.selenium.utils.logging.LoggingCommandProcessor.getString(LoggingCommandProcessor.java:238)
	at com.thoughtworks.selenium.DefaultSelenium.getText(DefaultSelenium.java:471)
	at com.example.tests.Step1.testStep1(Step1.java:14)
	at java.util.concurrent.ThreadPoolExecutor$Worker.runTask(ThreadPoolExecutor.java:886)
	at java.util.concurrent.ThreadPoolExecutor$Worker.run(ThreadPoolExecutor.java:908)
	at java.lang.Thread.run(Thread.java:680)
... Removed 10 stack frames</pre></div><a href='#' onClick='toggleBox("stack-trace738807903", this, "Click to show all stack frames", "Click to hide stack frames")'>Click to show all stack frames</a>
<div class='stack-trace' id='stack-trace738807903'><pre>com.thoughtworks.selenium.SeleniumException: ERROR: Element css=div.content_body_header not found
	at com.thoughtworks.selenium.HttpCommandProcessor.throwAssertionFailureExceptionOrError(HttpCommandProcessor.java:112)
	at com.thoughtworks.selenium.HttpCommandProcessor.doCommand(HttpCommandProcessor.java:106)
	at com.thoughtworks.selenium.HttpCommandProcessor.getString(HttpCommandProcessor.java:275)
	at com.unitedinternet.portal.selenium.utils.logging.LoggingCommandProcessor.getString(LoggingCommandProcessor.java:238)
	at com.thoughtworks.selenium.DefaultSelenium.getText(DefaultSelenium.java:471)
	at com.example.tests.Step1.testStep1(Step1.java:14)
	at sun.reflect.NativeMethodAccessorImpl.invoke0(Native Method)
	at sun.reflect.NativeMethodAccessorImpl.invoke(NativeMethodAccessorImpl.java:39)
	at sun.reflect.DelegatingMethodAccessorImpl.invoke(DelegatingMethodAccessorImpl.java:25)
	at java.lang.reflect.Method.invoke(Method.java:597)
	at org.testng.internal.MethodInvocationHelper.invokeMethod(MethodInvocationHelper.java:80)
	at org.testng.internal.Invoker.invokeMethod(Invoker.java:715)
	at org.testng.internal.Invoker.invokeTestMethod(Invoker.java:907)
	at org.testng.internal.Invoker.invokeTestMethods(Invoker.java:1237)
	at org.testng.internal.TestMethodWorker.invokeTestMethods(TestMethodWorker.java:127)
	at org.testng.internal.TestMethodWorker.run(TestMethodWorker.java:111)
	at java.util.concurrent.ThreadPoolExecutor$Worker.runTask(ThreadPoolExecutor.java:886)
	at java.util.concurrent.ThreadPoolExecutor$Worker.run(ThreadPoolExecutor.java:908)
	at java.lang.Thread.run(Thread.java:680)
</pre></div></td>
<td>10</td>
<td>com.example.tests.Step1@44d3db51</td></tr>
<tr>
<td title='com.example.tests.Step1.testStep1()'><b>testStep1</b><br>Test class: com.example.tests.Step1<br>Parameters: //div[@id='edit-city-wrapper']/span/ul/li[3], ?????? ????????, +7 (831), xpath=(//span[@name='abc-numbers'])[3]</td>
<td><div><pre>com.thoughtworks.selenium.SeleniumException: ERROR: Command timed out
	at com.thoughtworks.selenium.HttpCommandProcessor.throwAssertionFailureExceptionOrError(HttpCommandProcessor.java:112)
	at com.thoughtworks.selenium.HttpCommandProcessor.doCommand(HttpCommandProcessor.java:106)
	at com.thoughtworks.selenium.HttpCommandProcessor.getString(HttpCommandProcessor.java:275)
	at com.unitedinternet.portal.selenium.utils.logging.LoggingCommandProcessor.getString(LoggingCommandProcessor.java:238)
	at com.thoughtworks.selenium.DefaultSelenium.getText(DefaultSelenium.java:471)
	at com.example.tests.Step1.testStep1(Step1.java:14)
	at java.util.concurrent.ThreadPoolExecutor$Worker.runTask(ThreadPoolExecutor.java:886)
	at java.util.concurrent.ThreadPoolExecutor$Worker.run(ThreadPoolExecutor.java:908)
	at java.lang.Thread.run(Thread.java:680)
... Removed 10 stack frames</pre></div><a href='#' onClick='toggleBox("stack-trace1382875200", this, "Click to show all stack frames", "Click to hide stack frames")'>Click to show all stack frames</a>
<div class='stack-trace' id='stack-trace1382875200'><pre>com.thoughtworks.selenium.SeleniumException: ERROR: Command timed out
	at com.thoughtworks.selenium.HttpCommandProcessor.throwAssertionFailureExceptionOrError(HttpCommandProcessor.java:112)
	at com.thoughtworks.selenium.HttpCommandProcessor.doCommand(HttpCommandProcessor.java:106)
	at com.thoughtworks.selenium.HttpCommandProcessor.getString(HttpCommandProcessor.java:275)
	at com.unitedinternet.portal.selenium.utils.logging.LoggingCommandProcessor.getString(LoggingCommandProcessor.java:238)
	at com.thoughtworks.selenium.DefaultSelenium.getText(DefaultSelenium.java:471)
	at com.example.tests.Step1.testStep1(Step1.java:14)
	at sun.reflect.NativeMethodAccessorImpl.invoke0(Native Method)
	at sun.reflect.NativeMethodAccessorImpl.invoke(NativeMethodAccessorImpl.java:39)
	at sun.reflect.DelegatingMethodAccessorImpl.invoke(DelegatingMethodAccessorImpl.java:25)
	at java.lang.reflect.Method.invoke(Method.java:597)
	at org.testng.internal.MethodInvocationHelper.invokeMethod(MethodInvocationHelper.java:80)
	at org.testng.internal.Invoker.invokeMethod(Invoker.java:715)
	at org.testng.internal.Invoker.invokeTestMethod(Invoker.java:907)
	at org.testng.internal.Invoker.invokeTestMethods(Invoker.java:1237)
	at org.testng.internal.TestMethodWorker.invokeTestMethods(TestMethodWorker.java:127)
	at org.testng.internal.TestMethodWorker.run(TestMethodWorker.java:111)
	at java.util.concurrent.ThreadPoolExecutor$Worker.runTask(ThreadPoolExecutor.java:886)
	at java.util.concurrent.ThreadPoolExecutor$Worker.run(ThreadPoolExecutor.java:908)
	at java.lang.Thread.run(Thread.java:680)
</pre></div></td>
<td>1817</td>
<td>com.example.tests.Step1@44d3db51</td></tr>
<tr>
<td title='com.example.tests.Step1.testStep1()'><b>testStep1</b><br>Test class: com.example.tests.Step1<br>Parameters: //div[@id='edit-city-wrapper']/span/ul/li[4], ????????????, +7 (343), xpath=(//span[@name='abc-numbers'])[4]</td>
<td><div><pre>com.thoughtworks.selenium.SeleniumException: ERROR: Command timed out
	at com.thoughtworks.selenium.HttpCommandProcessor.throwAssertionFailureExceptionOrError(HttpCommandProcessor.java:112)
	at com.thoughtworks.selenium.HttpCommandProcessor.doCommand(HttpCommandProcessor.java:106)
	at com.unitedinternet.portal.selenium.utils.logging.LoggingCommandProcessor.doCommand(LoggingCommandProcessor.java:141)
	at com.thoughtworks.selenium.DefaultSelenium.open(DefaultSelenium.java:369)
	at com.example.tests.Step1.testStep1(Step1.java:11)
	at java.util.concurrent.ThreadPoolExecutor$Worker.runTask(ThreadPoolExecutor.java:886)
	at java.util.concurrent.ThreadPoolExecutor$Worker.run(ThreadPoolExecutor.java:908)
	at java.lang.Thread.run(Thread.java:680)
... Removed 10 stack frames</pre></div><a href='#' onClick='toggleBox("stack-trace546587857", this, "Click to show all stack frames", "Click to hide stack frames")'>Click to show all stack frames</a>
<div class='stack-trace' id='stack-trace546587857'><pre>com.thoughtworks.selenium.SeleniumException: ERROR: Command timed out
	at com.thoughtworks.selenium.HttpCommandProcessor.throwAssertionFailureExceptionOrError(HttpCommandProcessor.java:112)
	at com.thoughtworks.selenium.HttpCommandProcessor.doCommand(HttpCommandProcessor.java:106)
	at com.unitedinternet.portal.selenium.utils.logging.LoggingCommandProcessor.doCommand(LoggingCommandProcessor.java:141)
	at com.thoughtworks.selenium.DefaultSelenium.open(DefaultSelenium.java:369)
	at com.example.tests.Step1.testStep1(Step1.java:11)
	at sun.reflect.NativeMethodAccessorImpl.invoke0(Native Method)
	at sun.reflect.NativeMethodAccessorImpl.invoke(NativeMethodAccessorImpl.java:39)
	at sun.reflect.DelegatingMethodAccessorImpl.invoke(DelegatingMethodAccessorImpl.java:25)
	at java.lang.reflect.Method.invoke(Method.java:597)
	at org.testng.internal.MethodInvocationHelper.invokeMethod(MethodInvocationHelper.java:80)
	at org.testng.internal.Invoker.invokeMethod(Invoker.java:715)
	at org.testng.internal.Invoker.invokeTestMethod(Invoker.java:907)
	at org.testng.internal.Invoker.invokeTestMethods(Invoker.java:1237)
	at org.testng.internal.TestMethodWorker.invokeTestMethods(TestMethodWorker.java:127)
	at org.testng.internal.TestMethodWorker.run(TestMethodWorker.java:111)
	at java.util.concurrent.ThreadPoolExecutor$Worker.runTask(ThreadPoolExecutor.java:886)
	at java.util.concurrent.ThreadPoolExecutor$Worker.run(ThreadPoolExecutor.java:908)
	at java.lang.Thread.run(Thread.java:680)
</pre></div></td>
<td>1800</td>
<td>com.example.tests.Step1@44d3db51</td></tr>
<tr>
<td title='com.example.tests.Step1.testStep1()'><b>testStep1</b><br>Test class: com.example.tests.Step1<br>Parameters: //div[@id='edit-city-wrapper']/span/ul/li[5], ??????, +7 (843), xpath=(//span[@name='abc-numbers'])[5]</td>
<td><div><pre>com.thoughtworks.selenium.SeleniumException: ERROR Server Exception: unexpected command json={command:&quot;open&quot;,target:&quot;http://umagicpro-pp/&quot;,value:&quot;&quot;} in place before new command open could be added
	at com.thoughtworks.selenium.HttpCommandProcessor.throwAssertionFailureExceptionOrError(HttpCommandProcessor.java:112)
	at com.thoughtworks.selenium.HttpCommandProcessor.doCommand(HttpCommandProcessor.java:106)
	at com.unitedinternet.portal.selenium.utils.logging.LoggingCommandProcessor.doCommand(LoggingCommandProcessor.java:141)
	at com.thoughtworks.selenium.DefaultSelenium.open(DefaultSelenium.java:369)
	at com.example.tests.Step1.testStep1(Step1.java:11)
	at java.util.concurrent.ThreadPoolExecutor$Worker.runTask(ThreadPoolExecutor.java:886)
	at java.util.concurrent.ThreadPoolExecutor$Worker.run(ThreadPoolExecutor.java:908)
	at java.lang.Thread.run(Thread.java:680)
... Removed 10 stack frames</pre></div><a href='#' onClick='toggleBox("stack-trace1501816798", this, "Click to show all stack frames", "Click to hide stack frames")'>Click to show all stack frames</a>
<div class='stack-trace' id='stack-trace1501816798'><pre>com.thoughtworks.selenium.SeleniumException: ERROR Server Exception: unexpected command json={command:&quot;open&quot;,target:&quot;http://umagicpro-pp/&quot;,value:&quot;&quot;} in place before new command open could be added
	at com.thoughtworks.selenium.HttpCommandProcessor.throwAssertionFailureExceptionOrError(HttpCommandProcessor.java:112)
	at com.thoughtworks.selenium.HttpCommandProcessor.doCommand(HttpCommandProcessor.java:106)
	at com.unitedinternet.portal.selenium.utils.logging.LoggingCommandProcessor.doCommand(LoggingCommandProcessor.java:141)
	at com.thoughtworks.selenium.DefaultSelenium.open(DefaultSelenium.java:369)
	at com.example.tests.Step1.testStep1(Step1.java:11)
	at sun.reflect.NativeMethodAccessorImpl.invoke0(Native Method)
	at sun.reflect.NativeMethodAccessorImpl.invoke(NativeMethodAccessorImpl.java:39)
	at sun.reflect.DelegatingMethodAccessorImpl.invoke(DelegatingMethodAccessorImpl.java:25)
	at java.lang.reflect.Method.invoke(Method.java:597)
	at org.testng.internal.MethodInvocationHelper.invokeMethod(MethodInvocationHelper.java:80)
	at org.testng.internal.Invoker.invokeMethod(Invoker.java:715)
	at org.testng.internal.Invoker.invokeTestMethod(Invoker.java:907)
	at org.testng.internal.Invoker.invokeTestMethods(Invoker.java:1237)
	at org.testng.internal.TestMethodWorker.invokeTestMethods(TestMethodWorker.java:127)
	at org.testng.internal.TestMethodWorker.run(TestMethodWorker.java:111)
	at java.util.concurrent.ThreadPoolExecutor$Worker.runTask(ThreadPoolExecutor.java:886)
	at java.util.concurrent.ThreadPoolExecutor$Worker.run(ThreadPoolExecutor.java:908)
	at java.lang.Thread.run(Thread.java:680)
</pre></div></td>
<td>0</td>
<td>com.example.tests.Step1@44d3db51</td></tr>
<tr>
<td title='com.example.tests.Step1.testStep1()'><b>testStep1</b><br>Test class: com.example.tests.Step1<br>Parameters: //div[@id='edit-city-wrapper']/span/ul/li[6], ???????????, +7 (401), xpath=(//span[@name='abc-numbers'])[6]</td>
<td><div><pre>com.thoughtworks.selenium.SeleniumException: ERROR Server Exception: unexpected command json={command:&quot;open&quot;,target:&quot;http://umagicpro-pp/&quot;,value:&quot;&quot;} in place before new command open could be added
	at com.thoughtworks.selenium.HttpCommandProcessor.throwAssertionFailureExceptionOrError(HttpCommandProcessor.java:112)
	at com.thoughtworks.selenium.HttpCommandProcessor.doCommand(HttpCommandProcessor.java:106)
	at com.unitedinternet.portal.selenium.utils.logging.LoggingCommandProcessor.doCommand(LoggingCommandProcessor.java:141)
	at com.thoughtworks.selenium.DefaultSelenium.open(DefaultSelenium.java:369)
	at com.example.tests.Step1.testStep1(Step1.java:11)
	at java.util.concurrent.ThreadPoolExecutor$Worker.runTask(ThreadPoolExecutor.java:886)
	at java.util.concurrent.ThreadPoolExecutor$Worker.run(ThreadPoolExecutor.java:908)
	at java.lang.Thread.run(Thread.java:680)
... Removed 10 stack frames</pre></div><a href='#' onClick='toggleBox("stack-trace1563093566", this, "Click to show all stack frames", "Click to hide stack frames")'>Click to show all stack frames</a>
<div class='stack-trace' id='stack-trace1563093566'><pre>com.thoughtworks.selenium.SeleniumException: ERROR Server Exception: unexpected command json={command:&quot;open&quot;,target:&quot;http://umagicpro-pp/&quot;,value:&quot;&quot;} in place before new command open could be added
	at com.thoughtworks.selenium.HttpCommandProcessor.throwAssertionFailureExceptionOrError(HttpCommandProcessor.java:112)
	at com.thoughtworks.selenium.HttpCommandProcessor.doCommand(HttpCommandProcessor.java:106)
	at com.unitedinternet.portal.selenium.utils.logging.LoggingCommandProcessor.doCommand(LoggingCommandProcessor.java:141)
	at com.thoughtworks.selenium.DefaultSelenium.open(DefaultSelenium.java:369)
	at com.example.tests.Step1.testStep1(Step1.java:11)
	at sun.reflect.NativeMethodAccessorImpl.invoke0(Native Method)
	at sun.reflect.NativeMethodAccessorImpl.invoke(NativeMethodAccessorImpl.java:39)
	at sun.reflect.DelegatingMethodAccessorImpl.invoke(DelegatingMethodAccessorImpl.java:25)
	at java.lang.reflect.Method.invoke(Method.java:597)
	at org.testng.internal.MethodInvocationHelper.invokeMethod(MethodInvocationHelper.java:80)
	at org.testng.internal.Invoker.invokeMethod(Invoker.java:715)
	at org.testng.internal.Invoker.invokeTestMethod(Invoker.java:907)
	at org.testng.internal.Invoker.invokeTestMethods(Invoker.java:1237)
	at org.testng.internal.TestMethodWorker.invokeTestMethods(TestMethodWorker.java:127)
	at org.testng.internal.TestMethodWorker.run(TestMethodWorker.java:111)
	at java.util.concurrent.ThreadPoolExecutor$Worker.runTask(ThreadPoolExecutor.java:886)
	at java.util.concurrent.ThreadPoolExecutor$Worker.run(ThreadPoolExecutor.java:908)
	at java.lang.Thread.run(Thread.java:680)
</pre></div></td>
<td>0</td>
<td>com.example.tests.Step1@44d3db51</td></tr>
<tr>
<td title='com.example.tests.Step1.testStep1()'><b>testStep1</b><br>Test class: com.example.tests.Step1<br>Parameters: //div[@id='edit-city-wrapper']/span/ul/li[7], ??????-??-????, +7 (863), xpath=(//span[@name='abc-numbers'])[7]</td>
<td><div><pre>com.thoughtworks.selenium.SeleniumException: ERROR Server Exception: unexpected command json={command:&quot;open&quot;,target:&quot;http://umagicpro-pp/&quot;,value:&quot;&quot;} in place before new command open could be added
	at com.thoughtworks.selenium.HttpCommandProcessor.throwAssertionFailureExceptionOrError(HttpCommandProcessor.java:112)
	at com.thoughtworks.selenium.HttpCommandProcessor.doCommand(HttpCommandProcessor.java:106)
	at com.unitedinternet.portal.selenium.utils.logging.LoggingCommandProcessor.doCommand(LoggingCommandProcessor.java:141)
	at com.thoughtworks.selenium.DefaultSelenium.open(DefaultSelenium.java:369)
	at com.example.tests.Step1.testStep1(Step1.java:11)
	at java.util.concurrent.ThreadPoolExecutor$Worker.runTask(ThreadPoolExecutor.java:886)
	at java.util.concurrent.ThreadPoolExecutor$Worker.run(ThreadPoolExecutor.java:908)
	at java.lang.Thread.run(Thread.java:680)
... Removed 10 stack frames</pre></div><a href='#' onClick='toggleBox("stack-trace546495707", this, "Click to show all stack frames", "Click to hide stack frames")'>Click to show all stack frames</a>
<div class='stack-trace' id='stack-trace546495707'><pre>com.thoughtworks.selenium.SeleniumException: ERROR Server Exception: unexpected command json={command:&quot;open&quot;,target:&quot;http://umagicpro-pp/&quot;,value:&quot;&quot;} in place before new command open could be added
	at com.thoughtworks.selenium.HttpCommandProcessor.throwAssertionFailureExceptionOrError(HttpCommandProcessor.java:112)
	at com.thoughtworks.selenium.HttpCommandProcessor.doCommand(HttpCommandProcessor.java:106)
	at com.unitedinternet.portal.selenium.utils.logging.LoggingCommandProcessor.doCommand(LoggingCommandProcessor.java:141)
	at com.thoughtworks.selenium.DefaultSelenium.open(DefaultSelenium.java:369)
	at com.example.tests.Step1.testStep1(Step1.java:11)
	at sun.reflect.NativeMethodAccessorImpl.invoke0(Native Method)
	at sun.reflect.NativeMethodAccessorImpl.invoke(NativeMethodAccessorImpl.java:39)
	at sun.reflect.DelegatingMethodAccessorImpl.invoke(DelegatingMethodAccessorImpl.java:25)
	at java.lang.reflect.Method.invoke(Method.java:597)
	at org.testng.internal.MethodInvocationHelper.invokeMethod(MethodInvocationHelper.java:80)
	at org.testng.internal.Invoker.invokeMethod(Invoker.java:715)
	at org.testng.internal.Invoker.invokeTestMethod(Invoker.java:907)
	at org.testng.internal.Invoker.invokeTestMethods(Invoker.java:1237)
	at org.testng.internal.TestMethodWorker.invokeTestMethods(TestMethodWorker.java:127)
	at org.testng.internal.TestMethodWorker.run(TestMethodWorker.java:111)
	at java.util.concurrent.ThreadPoolExecutor$Worker.runTask(ThreadPoolExecutor.java:886)
	at java.util.concurrent.ThreadPoolExecutor$Worker.run(ThreadPoolExecutor.java:908)
	at java.lang.Thread.run(Thread.java:680)
</pre></div></td>
<td>0</td>
<td>com.example.tests.Step1@44d3db51</td></tr>
<tr>
<td title='com.example.tests.Step1.testStep1()'><b>testStep1</b><br>Test class: com.example.tests.Step1<br>Parameters: css=li, ??????, +7 (499), css=span[name="abc-numbers"]</td>
<td><div><pre>com.thoughtworks.selenium.SeleniumException: ERROR Server Exception: unexpected command json={command:&quot;open&quot;,target:&quot;http://umagicpro-pp/&quot;,value:&quot;&quot;} in place before new command open could be added
	at com.thoughtworks.selenium.HttpCommandProcessor.throwAssertionFailureExceptionOrError(HttpCommandProcessor.java:112)
	at com.thoughtworks.selenium.HttpCommandProcessor.doCommand(HttpCommandProcessor.java:106)
	at com.unitedinternet.portal.selenium.utils.logging.LoggingCommandProcessor.doCommand(LoggingCommandProcessor.java:141)
	at com.thoughtworks.selenium.DefaultSelenium.open(DefaultSelenium.java:369)
	at com.example.tests.Step1.testStep1(Step1.java:11)
	at java.util.concurrent.ThreadPoolExecutor$Worker.runTask(ThreadPoolExecutor.java:886)
	at java.util.concurrent.ThreadPoolExecutor$Worker.run(ThreadPoolExecutor.java:908)
	at java.lang.Thread.run(Thread.java:680)
... Removed 10 stack frames</pre></div><a href='#' onClick='toggleBox("stack-trace1032192056", this, "Click to show all stack frames", "Click to hide stack frames")'>Click to show all stack frames</a>
<div class='stack-trace' id='stack-trace1032192056'><pre>com.thoughtworks.selenium.SeleniumException: ERROR Server Exception: unexpected command json={command:&quot;open&quot;,target:&quot;http://umagicpro-pp/&quot;,value:&quot;&quot;} in place before new command open could be added
	at com.thoughtworks.selenium.HttpCommandProcessor.throwAssertionFailureExceptionOrError(HttpCommandProcessor.java:112)
	at com.thoughtworks.selenium.HttpCommandProcessor.doCommand(HttpCommandProcessor.java:106)
	at com.unitedinternet.portal.selenium.utils.logging.LoggingCommandProcessor.doCommand(LoggingCommandProcessor.java:141)
	at com.thoughtworks.selenium.DefaultSelenium.open(DefaultSelenium.java:369)
	at com.example.tests.Step1.testStep1(Step1.java:11)
	at sun.reflect.NativeMethodAccessorImpl.invoke0(Native Method)
	at sun.reflect.NativeMethodAccessorImpl.invoke(NativeMethodAccessorImpl.java:39)
	at sun.reflect.DelegatingMethodAccessorImpl.invoke(DelegatingMethodAccessorImpl.java:25)
	at java.lang.reflect.Method.invoke(Method.java:597)
	at org.testng.internal.MethodInvocationHelper.invokeMethod(MethodInvocationHelper.java:80)
	at org.testng.internal.Invoker.invokeMethod(Invoker.java:715)
	at org.testng.internal.Invoker.invokeTestMethod(Invoker.java:907)
	at org.testng.internal.Invoker.invokeTestMethods(Invoker.java:1237)
	at org.testng.internal.TestMethodWorker.invokeTestMethods(TestMethodWorker.java:127)
	at org.testng.internal.TestMethodWorker.run(TestMethodWorker.java:111)
	at java.util.concurrent.ThreadPoolExecutor$Worker.runTask(ThreadPoolExecutor.java:886)
	at java.util.concurrent.ThreadPoolExecutor$Worker.run(ThreadPoolExecutor.java:908)
	at java.lang.Thread.run(Thread.java:680)
</pre></div></td>
<td>0</td>
<td>com.example.tests.Step1@44d3db51</td></tr>
<tr>
<td title='com.example.tests.Step1.testStep1Find()'><b>testStep1Find</b><br>Test class: com.example.tests.Step1<br>Parameters: *12*, 12</td>
<td><div><pre>com.thoughtworks.selenium.SeleniumException: ERROR: Element css=div.content_body_header not found
	at com.thoughtworks.selenium.HttpCommandProcessor.throwAssertionFailureExceptionOrError(HttpCommandProcessor.java:112)
	at com.thoughtworks.selenium.HttpCommandProcessor.doCommand(HttpCommandProcessor.java:106)
	at com.thoughtworks.selenium.HttpCommandProcessor.getString(HttpCommandProcessor.java:275)
	at com.unitedinternet.portal.selenium.utils.logging.LoggingCommandProcessor.getString(LoggingCommandProcessor.java:238)
	at com.thoughtworks.selenium.DefaultSelenium.getText(DefaultSelenium.java:471)
	at com.example.tests.Step1.testStep1Find(Step1.java:43)
	at java.util.concurrent.ThreadPoolExecutor$Worker.runTask(ThreadPoolExecutor.java:886)
	at java.util.concurrent.ThreadPoolExecutor$Worker.run(ThreadPoolExecutor.java:908)
	at java.lang.Thread.run(Thread.java:680)
... Removed 10 stack frames</pre></div><a href='#' onClick='toggleBox("stack-trace1443639316", this, "Click to show all stack frames", "Click to hide stack frames")'>Click to show all stack frames</a>
<div class='stack-trace' id='stack-trace1443639316'><pre>com.thoughtworks.selenium.SeleniumException: ERROR: Element css=div.content_body_header not found
	at com.thoughtworks.selenium.HttpCommandProcessor.throwAssertionFailureExceptionOrError(HttpCommandProcessor.java:112)
	at com.thoughtworks.selenium.HttpCommandProcessor.doCommand(HttpCommandProcessor.java:106)
	at com.thoughtworks.selenium.HttpCommandProcessor.getString(HttpCommandProcessor.java:275)
	at com.unitedinternet.portal.selenium.utils.logging.LoggingCommandProcessor.getString(LoggingCommandProcessor.java:238)
	at com.thoughtworks.selenium.DefaultSelenium.getText(DefaultSelenium.java:471)
	at com.example.tests.Step1.testStep1Find(Step1.java:43)
	at sun.reflect.NativeMethodAccessorImpl.invoke0(Native Method)
	at sun.reflect.NativeMethodAccessorImpl.invoke(NativeMethodAccessorImpl.java:39)
	at sun.reflect.DelegatingMethodAccessorImpl.invoke(DelegatingMethodAccessorImpl.java:25)
	at java.lang.reflect.Method.invoke(Method.java:597)
	at org.testng.internal.MethodInvocationHelper.invokeMethod(MethodInvocationHelper.java:80)
	at org.testng.internal.Invoker.invokeMethod(Invoker.java:715)
	at org.testng.internal.Invoker.invokeTestMethod(Invoker.java:907)
	at org.testng.internal.Invoker.invokeTestMethods(Invoker.java:1237)
	at org.testng.internal.TestMethodWorker.invokeTestMethods(TestMethodWorker.java:127)
	at org.testng.internal.TestMethodWorker.run(TestMethodWorker.java:111)
	at java.util.concurrent.ThreadPoolExecutor$Worker.runTask(ThreadPoolExecutor.java:886)
	at java.util.concurrent.ThreadPoolExecutor$Worker.run(ThreadPoolExecutor.java:908)
	at java.lang.Thread.run(Thread.java:680)
</pre></div></td>
<td>20</td>
<td>com.example.tests.Step1@44d3db51</td></tr>
<tr>
<td title='com.example.tests.Step1.testStep1Find()'><b>testStep1Find</b><br>Test class: com.example.tests.Step1<br>Parameters: *123*, 12-3</td>
<td><div><pre>java.lang.RuntimeException: result was neither &apos;true&apos; nor &apos;false&apos;: 
	at com.thoughtworks.selenium.HttpCommandProcessor.getBoolean(HttpCommandProcessor.java:358)
	at com.unitedinternet.portal.selenium.utils.logging.LoggingCommandProcessor.getBoolean(LoggingCommandProcessor.java:168)
	at com.thoughtworks.selenium.DefaultSelenium.isAlertPresent(DefaultSelenium.java:431)
	at com.example.tests.Step1.testStep1Find(Step1.java:36)
	at java.util.concurrent.ThreadPoolExecutor$Worker.runTask(ThreadPoolExecutor.java:886)
	at java.util.concurrent.ThreadPoolExecutor$Worker.run(ThreadPoolExecutor.java:908)
	at java.lang.Thread.run(Thread.java:680)
... Removed 10 stack frames</pre></div><a href='#' onClick='toggleBox("stack-trace1786791668", this, "Click to show all stack frames", "Click to hide stack frames")'>Click to show all stack frames</a>
<div class='stack-trace' id='stack-trace1786791668'><pre>java.lang.RuntimeException: result was neither &apos;true&apos; nor &apos;false&apos;: 
	at com.thoughtworks.selenium.HttpCommandProcessor.getBoolean(HttpCommandProcessor.java:358)
	at com.unitedinternet.portal.selenium.utils.logging.LoggingCommandProcessor.getBoolean(LoggingCommandProcessor.java:168)
	at com.thoughtworks.selenium.DefaultSelenium.isAlertPresent(DefaultSelenium.java:431)
	at com.example.tests.Step1.testStep1Find(Step1.java:36)
	at sun.reflect.NativeMethodAccessorImpl.invoke0(Native Method)
	at sun.reflect.NativeMethodAccessorImpl.invoke(NativeMethodAccessorImpl.java:39)
	at sun.reflect.DelegatingMethodAccessorImpl.invoke(DelegatingMethodAccessorImpl.java:25)
	at java.lang.reflect.Method.invoke(Method.java:597)
	at org.testng.internal.MethodInvocationHelper.invokeMethod(MethodInvocationHelper.java:80)
	at org.testng.internal.Invoker.invokeMethod(Invoker.java:715)
	at org.testng.internal.Invoker.invokeTestMethod(Invoker.java:907)
	at org.testng.internal.Invoker.invokeTestMethods(Invoker.java:1237)
	at org.testng.internal.TestMethodWorker.invokeTestMethods(TestMethodWorker.java:127)
	at org.testng.internal.TestMethodWorker.run(TestMethodWorker.java:111)
	at java.util.concurrent.ThreadPoolExecutor$Worker.runTask(ThreadPoolExecutor.java:886)
	at java.util.concurrent.ThreadPoolExecutor$Worker.run(ThreadPoolExecutor.java:908)
	at java.lang.Thread.run(Thread.java:680)
</pre></div></td>
<td>7</td>
<td>com.example.tests.Step1@44d3db51</td></tr>
<tr>
<td title='com.example.tests.Step1.testStep1Find()'><b>testStep1Find</b><br>Test class: com.example.tests.Step1<br>Parameters: *1234*, 12-34</td>
<td><div><pre>java.lang.RuntimeException: result was neither &apos;true&apos; nor &apos;false&apos;: ????? ??????
	at com.thoughtworks.selenium.HttpCommandProcessor.getBoolean(HttpCommandProcessor.java:358)
	at com.unitedinternet.portal.selenium.utils.logging.LoggingCommandProcessor.getBoolean(LoggingCommandProcessor.java:168)
	at com.thoughtworks.selenium.DefaultSelenium.isAlertPresent(DefaultSelenium.java:431)
	at com.example.tests.Step1.testStep1Find(Step1.java:36)
	at java.util.concurrent.ThreadPoolExecutor$Worker.runTask(ThreadPoolExecutor.java:886)
	at java.util.concurrent.ThreadPoolExecutor$Worker.run(ThreadPoolExecutor.java:908)
	at java.lang.Thread.run(Thread.java:680)
... Removed 10 stack frames</pre></div><a href='#' onClick='toggleBox("stack-trace1301078346", this, "Click to show all stack frames", "Click to hide stack frames")'>Click to show all stack frames</a>
<div class='stack-trace' id='stack-trace1301078346'><pre>java.lang.RuntimeException: result was neither &apos;true&apos; nor &apos;false&apos;: ????? ??????
	at com.thoughtworks.selenium.HttpCommandProcessor.getBoolean(HttpCommandProcessor.java:358)
	at com.unitedinternet.portal.selenium.utils.logging.LoggingCommandProcessor.getBoolean(LoggingCommandProcessor.java:168)
	at com.thoughtworks.selenium.DefaultSelenium.isAlertPresent(DefaultSelenium.java:431)
	at com.example.tests.Step1.testStep1Find(Step1.java:36)
	at sun.reflect.NativeMethodAccessorImpl.invoke0(Native Method)
	at sun.reflect.NativeMethodAccessorImpl.invoke(NativeMethodAccessorImpl.java:39)
	at sun.reflect.DelegatingMethodAccessorImpl.invoke(DelegatingMethodAccessorImpl.java:25)
	at java.lang.reflect.Method.invoke(Method.java:597)
	at org.testng.internal.MethodInvocationHelper.invokeMethod(MethodInvocationHelper.java:80)
	at org.testng.internal.Invoker.invokeMethod(Invoker.java:715)
	at org.testng.internal.Invoker.invokeTestMethod(Invoker.java:907)
	at org.testng.internal.Invoker.invokeTestMethods(Invoker.java:1237)
	at org.testng.internal.TestMethodWorker.invokeTestMethods(TestMethodWorker.java:127)
	at org.testng.internal.TestMethodWorker.run(TestMethodWorker.java:111)
	at java.util.concurrent.ThreadPoolExecutor$Worker.runTask(ThreadPoolExecutor.java:886)
	at java.util.concurrent.ThreadPoolExecutor$Worker.run(ThreadPoolExecutor.java:908)
	at java.lang.Thread.run(Thread.java:680)
</pre></div></td>
<td>0</td>
<td>com.example.tests.Step1@44d3db51</td></tr>
<tr>
<td title='com.example.tests.Step2.testStep2()'><b>testStep2</b><br>Test class: com.example.tests.Step2<br>Parameters: ??????, ????, ????????, test@test.ru, //div[@id='edit-company-scope-wrapper']/span/ul/li[2], 0</td>
<td><div><pre>java.lang.AssertionError: timeout
	at com.example.tests.Step2.testStep2(Step2.java:121)
	at java.util.concurrent.ThreadPoolExecutor$Worker.runTask(ThreadPoolExecutor.java:886)
	at java.util.concurrent.ThreadPoolExecutor$Worker.run(ThreadPoolExecutor.java:908)
	at java.lang.Thread.run(Thread.java:680)
... Removed 11 stack frames</pre></div><a href='#' onClick='toggleBox("stack-trace1499344077", this, "Click to show all stack frames", "Click to hide stack frames")'>Click to show all stack frames</a>
<div class='stack-trace' id='stack-trace1499344077'><pre>java.lang.AssertionError: timeout
	at org.testng.AssertJUnit.fail(AssertJUnit.java:59)
	at com.example.tests.Step2.testStep2(Step2.java:121)
	at sun.reflect.NativeMethodAccessorImpl.invoke0(Native Method)
	at sun.reflect.NativeMethodAccessorImpl.invoke(NativeMethodAccessorImpl.java:39)
	at sun.reflect.DelegatingMethodAccessorImpl.invoke(DelegatingMethodAccessorImpl.java:25)
	at java.lang.reflect.Method.invoke(Method.java:597)
	at org.testng.internal.MethodInvocationHelper.invokeMethod(MethodInvocationHelper.java:80)
	at org.testng.internal.Invoker.invokeMethod(Invoker.java:715)
	at org.testng.internal.Invoker.invokeTestMethod(Invoker.java:907)
	at org.testng.internal.Invoker.invokeTestMethods(Invoker.java:1237)
	at org.testng.internal.TestMethodWorker.invokeTestMethods(TestMethodWorker.java:127)
	at org.testng.internal.TestMethodWorker.run(TestMethodWorker.java:111)
	at java.util.concurrent.ThreadPoolExecutor$Worker.runTask(ThreadPoolExecutor.java:886)
	at java.util.concurrent.ThreadPoolExecutor$Worker.run(ThreadPoolExecutor.java:908)
	at java.lang.Thread.run(Thread.java:680)
</pre></div></td>
<td>57</td>
<td>com.example.tests.Step2@4104c575</td></tr>
</table><p>
<table width='100%' border='1' class='invocation-passed'>
<tr><td colspan='4' align='center'><b>PASSED TESTS</b></td></tr>
<tr><td><b>Test method</b></td>
<td width="30%"><b>Exception</b></td>
<td width="10%"><b>Time (seconds)</b></td>
<td><b>Instance</b></td>
</tr>
<tr>
<td title='com.example.tests.Step2.testStep2()'><b>testStep2</b><br>Test class: com.example.tests.Step2<br>Parameters: 123, 456, 789, 111@111.com, //div[@id='edit-company-scope-wrapper']/span/ul/li[3], -e</td>
<td></td>
<td>16</td>
<td>com.example.tests.Step2@4104c575</td></tr>
</table><p>
</body>
</html>