<html>
<head>
<title>TestNG:  Test</title>
<link href="../testng.css" rel="stylesheet" type="text/css" />
<link href="../my-testng.css" rel="stylesheet" type="text/css" />

<style type="text/css">
.log { display: none;} 
.stack-trace { display: none;} 
</style>
<script type="text/javascript">
<!--
function flip(e) {
  current = e.style.display;
  if (current == 'block') {
    e.style.display = 'none';
    return 0;
  }
  else {
    e.style.display = 'block';
    return 1;
  }
}

function toggleBox(szDivId, elem, msg1, msg2)
{
  var res = -1;  if (document.getElementById) {
    res = flip(document.getElementById(szDivId));
  }
  else if (document.all) {
    // this is the way old msie versions work
    res = flip(document.all[szDivId]);
  }
  if(elem) {
    if(res == 0) elem.innerHTML = msg1; else elem.innerHTML = msg2;
  }

}

function toggleAllBoxes() {
  if (document.getElementsByTagName) {
    d = document.getElementsByTagName('div');
    for (i = 0; i < d.length; i++) {
      if (d[i].className == 'log') {
        flip(d[i]);
      }
    }
  }
}

// -->
</script>

</head>
<body>
<h2 align='center'>Test</h2><table border='1' align="center">
<tr>
<td>Tests passed/Failed/Skipped:</td><td>10/2/0</td>
</tr><tr>
<td>Started on:</td><td>Wed Aug 01 10:30:23 MSK 2012</td>
</tr>
<tr><td>Total time:</td><td>363 seconds (363272 ms)</td>
</tr><tr>
<td>Included groups:</td><td></td>
</tr><tr>
<td>Excluded groups:</td><td></td>
</tr>
</table><p/>
<small><i>(Hover the method name to see the test class name)</i></small><p/>
<table width='100%' border='1' class='invocation-failed'>
<tr><td colspan='4' align='center'><b>FAILED TESTS</b></td></tr>
<tr><td><b>Test method</b></td>
<td width="30%"><b>Exception</b></td>
<td width="10%"><b>Time (seconds)</b></td>
<td><b>Instance</b></td>
</tr>
<tr>
<td title='com.registration.tests.Step2.testStep2()'><b>testStep2</b><br>Test class: com.registration.tests.Step2<br>Parameters: ??????, ????, ????????, test@test.ru, //div[@id='edit-company-scope-wrapper']/span/ul/li[2], 0</td>
<td><div><pre>java.lang.AssertionError: timeout after click on button &apos;Next&apos;
	at com.registration.tests.Step2.testStep2(Step2.java:118)
... Removed 25 stack frames</pre></div><a href='#' onClick='toggleBox("stack-trace1540815795", this, "Click to show all stack frames", "Click to hide stack frames")'>Click to show all stack frames</a>
<div class='stack-trace' id='stack-trace1540815795'><pre>java.lang.AssertionError: timeout after click on button &apos;Next&apos;
	at org.testng.Assert.fail(Assert.java:89)
	at com.registration.tests.Step2.testStep2(Step2.java:118)
	at sun.reflect.NativeMethodAccessorImpl.invoke0(Native Method)
	at sun.reflect.NativeMethodAccessorImpl.invoke(NativeMethodAccessorImpl.java:39)
	at sun.reflect.DelegatingMethodAccessorImpl.invoke(DelegatingMethodAccessorImpl.java:25)
	at java.lang.reflect.Method.invoke(Method.java:597)
	at org.testng.internal.MethodInvocationHelper.invokeMethod(MethodInvocationHelper.java:80)
	at org.testng.internal.Invoker.invokeMethod(Invoker.java:715)
	at org.testng.internal.Invoker.invokeTestMethod(Invoker.java:907)
	at org.testng.internal.Invoker.invokeTestMethods(Invoker.java:1237)
	at org.testng.internal.TestMethodWorker.invokeTestMethods(TestMethodWorker.java:127)
	at org.testng.internal.TestMethodWorker.run(TestMethodWorker.java:111)
	at org.testng.TestRunner.privateRun(TestRunner.java:767)
	at org.testng.TestRunner.run(TestRunner.java:617)
	at org.testng.SuiteRunner.runTest(SuiteRunner.java:334)
	at org.testng.SuiteRunner.runSequentially(SuiteRunner.java:329)
	at org.testng.SuiteRunner.privateRun(SuiteRunner.java:291)
	at org.testng.SuiteRunner.run(SuiteRunner.java:240)
	at org.testng.SuiteRunnerWorker.runSuite(SuiteRunnerWorker.java:51)
	at org.testng.SuiteRunnerWorker.run(SuiteRunnerWorker.java:85)
	at org.testng.TestNG.runSuitesSequentially(TestNG.java:1197)
	at org.testng.TestNG.runSuitesLocally(TestNG.java:1122)
	at org.testng.TestNG.run(TestNG.java:1030)
	at org.testng.remote.RemoteTestNG.run(RemoteTestNG.java:111)
	at org.testng.remote.RemoteTestNG.initAndRun(RemoteTestNG.java:204)
	at org.testng.remote.RemoteTestNG.main(RemoteTestNG.java:175)
</pre></div></td>
<td>76</td>
<td>com.registration.tests.Step2@8888e6c</td></tr>
<tr>
<td title='com.registration.tests.Step2.testStep2()'><b>testStep2</b><br>Test class: com.registration.tests.Step2<br>Parameters: 123, 456, 789, 111@111.com, //div[@id='edit-company-scope-wrapper']/span/ul/li[3], -e</td>
<td><div><pre>java.lang.AssertionError: timeout after click on button &apos;Next&apos;
	at com.registration.tests.Step2.testStep2(Step2.java:118)
... Removed 25 stack frames</pre></div><a href='#' onClick='toggleBox("stack-trace1212695978", this, "Click to show all stack frames", "Click to hide stack frames")'>Click to show all stack frames</a>
<div class='stack-trace' id='stack-trace1212695978'><pre>java.lang.AssertionError: timeout after click on button &apos;Next&apos;
	at org.testng.Assert.fail(Assert.java:89)
	at com.registration.tests.Step2.testStep2(Step2.java:118)
	at sun.reflect.NativeMethodAccessorImpl.invoke0(Native Method)
	at sun.reflect.NativeMethodAccessorImpl.invoke(NativeMethodAccessorImpl.java:39)
	at sun.reflect.DelegatingMethodAccessorImpl.invoke(DelegatingMethodAccessorImpl.java:25)
	at java.lang.reflect.Method.invoke(Method.java:597)
	at org.testng.internal.MethodInvocationHelper.invokeMethod(MethodInvocationHelper.java:80)
	at org.testng.internal.Invoker.invokeMethod(Invoker.java:715)
	at org.testng.internal.Invoker.invokeTestMethod(Invoker.java:907)
	at org.testng.internal.Invoker.invokeTestMethods(Invoker.java:1237)
	at org.testng.internal.TestMethodWorker.invokeTestMethods(TestMethodWorker.java:127)
	at org.testng.internal.TestMethodWorker.run(TestMethodWorker.java:111)
	at org.testng.TestRunner.privateRun(TestRunner.java:767)
	at org.testng.TestRunner.run(TestRunner.java:617)
	at org.testng.SuiteRunner.runTest(SuiteRunner.java:334)
	at org.testng.SuiteRunner.runSequentially(SuiteRunner.java:329)
	at org.testng.SuiteRunner.privateRun(SuiteRunner.java:291)
	at org.testng.SuiteRunner.run(SuiteRunner.java:240)
	at org.testng.SuiteRunnerWorker.runSuite(SuiteRunnerWorker.java:51)
	at org.testng.SuiteRunnerWorker.run(SuiteRunnerWorker.java:85)
	at org.testng.TestNG.runSuitesSequentially(TestNG.java:1197)
	at org.testng.TestNG.runSuitesLocally(TestNG.java:1122)
	at org.testng.TestNG.run(TestNG.java:1030)
	at org.testng.remote.RemoteTestNG.run(RemoteTestNG.java:111)
	at org.testng.remote.RemoteTestNG.initAndRun(RemoteTestNG.java:204)
	at org.testng.remote.RemoteTestNG.main(RemoteTestNG.java:175)
</pre></div></td>
<td>76</td>
<td>com.registration.tests.Step2@8888e6c</td></tr>
</table><p>
<table width='100%' border='1' class='invocation-passed'>
<tr><td colspan='4' align='center'><b>PASSED TESTS</b></td></tr>
<tr><td><b>Test method</b></td>
<td width="30%"><b>Exception</b></td>
<td width="10%"><b>Time (seconds)</b></td>
<td><b>Instance</b></td>
</tr>
<tr>
<td title='com.registration.tests.Step1.testStep1()'><b>testStep1</b><br>Test class: com.registration.tests.Step1<br>Parameters: //div[@id='edit-city-wrapper']/span/ul/li[2], ?????-?????????, +7 (812), xpath=(//span[@name='abc-numbers'])[2]</td>
<td></td>
<td>21</td>
<td>com.registration.tests.Step1@2bd1e730</td></tr>
<tr>
<td title='com.registration.tests.Step1.testStep1()'><b>testStep1</b><br>Test class: com.registration.tests.Step1<br>Parameters: //div[@id='edit-city-wrapper']/span/ul/li[3], ?????? ????????, +7 (831), xpath=(//span[@name='abc-numbers'])[3]</td>
<td></td>
<td>17</td>
<td>com.registration.tests.Step1@2bd1e730</td></tr>
<tr>
<td title='com.registration.tests.Step1.testStep1()'><b>testStep1</b><br>Test class: com.registration.tests.Step1<br>Parameters: //div[@id='edit-city-wrapper']/span/ul/li[4], ????????????, +7 (343), xpath=(//span[@name='abc-numbers'])[4]</td>
<td></td>
<td>17</td>
<td>com.registration.tests.Step1@2bd1e730</td></tr>
<tr>
<td title='com.registration.tests.Step1.testStep1()'><b>testStep1</b><br>Test class: com.registration.tests.Step1<br>Parameters: //div[@id='edit-city-wrapper']/span/ul/li[5], ??????, +7 (843), xpath=(//span[@name='abc-numbers'])[5]</td>
<td></td>
<td>19</td>
<td>com.registration.tests.Step1@2bd1e730</td></tr>
<tr>
<td title='com.registration.tests.Step1.testStep1()'><b>testStep1</b><br>Test class: com.registration.tests.Step1<br>Parameters: //div[@id='edit-city-wrapper']/span/ul/li[6], ???????????, +7 (401), xpath=(//span[@name='abc-numbers'])[6]</td>
<td></td>
<td>21</td>
<td>com.registration.tests.Step1@2bd1e730</td></tr>
<tr>
<td title='com.registration.tests.Step1.testStep1()'><b>testStep1</b><br>Test class: com.registration.tests.Step1<br>Parameters: //div[@id='edit-city-wrapper']/span/ul/li[7], ??????-??-????, +7 (863), xpath=(//span[@name='abc-numbers'])[7]</td>
<td></td>
<td>19</td>
<td>com.registration.tests.Step1@2bd1e730</td></tr>
<tr>
<td title='com.registration.tests.Step1.testStep1()'><b>testStep1</b><br>Test class: com.registration.tests.Step1<br>Parameters: css=li, ??????, +7 (499), css=span[name="abc-numbers"]</td>
<td></td>
<td>11</td>
<td>com.registration.tests.Step1@2bd1e730</td></tr>
<tr>
<td title='com.registration.tests.Step1.testStep1Find()'><b>testStep1Find</b><br>Test class: com.registration.tests.Step1<br>Parameters: *12*, 12</td>
<td></td>
<td>12</td>
<td>com.registration.tests.Step1@2bd1e730</td></tr>
<tr>
<td title='com.registration.tests.Step1.testStep1Find()'><b>testStep1Find</b><br>Test class: com.registration.tests.Step1<br>Parameters: *123*, 12-3</td>
<td></td>
<td>14</td>
<td>com.registration.tests.Step1@2bd1e730</td></tr>
<tr>
<td title='com.registration.tests.Step1.testStep1Find()'><b>testStep1Find</b><br>Test class: com.registration.tests.Step1<br>Parameters: *1234*, 12-34</td>
<td></td>
<td>11</td>
<td>com.registration.tests.Step1@2bd1e730</td></tr>
</table><p>
</body>
</html>