<?xml version="1.0" encoding="UTF-8"?>
<!-- Generated by org.testng.reporters.JUnitXMLReporter -->
<testsuite hostname="Anatoly-Korzuns-MacBook-Pro.local" name="Test" tests="12" failures="2" timestamp="1 Aug 2012 06:36:26 GMT" time="363.272" errors="0">
  <testcase name="testStep1" time="21.027" classname="com.registration.tests.Step1"/>
  <testcase name="testStep1" time="17.98" classname="com.registration.tests.Step1"/>
  <testcase name="testStep1" time="17.945" classname="com.registration.tests.Step1"/>
  <testcase name="testStep1" time="19.109" classname="com.registration.tests.Step1"/>
  <testcase name="testStep1" time="21.412" classname="com.registration.tests.Step1"/>
  <testcase name="testStep1" time="19.117" classname="com.registration.tests.Step1"/>
  <testcase name="testStep1" time="11.578" classname="com.registration.tests.Step1"/>
  <testcase name="testStep1Find" time="12.138" classname="com.registration.tests.Step1"/>
  <testcase name="testStep1Find" time="14.731" classname="com.registration.tests.Step1"/>
  <testcase name="testStep1Find" time="11.705" classname="com.registration.tests.Step1"/>
  <testcase name="testStep2" time="76.133" classname="com.registration.tests.Step2">
    <failure type="java.lang.AssertionError" message="timeout after click on button &amp;apos;Next&amp;apos;">
      <![CDATA[java.lang.AssertionError: timeout after click on button 'Next'
	at com.registration.tests.Step2.testStep2(Step2.java:118)
... Removed 25 stack frames]]>
    </failure>
  </testcase> <!-- testStep2 -->
  <testcase name="testStep2" time="76.572" classname="com.registration.tests.Step2">
    <failure type="java.lang.AssertionError" message="timeout after click on button &amp;apos;Next&amp;apos;">
      <![CDATA[java.lang.AssertionError: timeout after click on button 'Next'
	at com.registration.tests.Step2.testStep2(Step2.java:118)
... Removed 25 stack frames]]>
    </failure>
  </testcase> <!-- testStep2 -->
</testsuite> <!-- Test -->
